# JRE version: Java(TM) SE Runtime Environment (8.0_131-b11) (build 1.8.0_131-b11)
# Java VM: Java HotSpot(TM) Client VM (25.131-b11 mixed mode windows-x86 )
Heap:
 def new generation   total 19904K, used 19904K [0x04e00000, 0x06390000, 0x0f8a0000)
  eden space 17728K, 100% used [0x04e00000, 0x05f50000, 0x05f50000)
  from space 2176K, 100% used [0x06170000, 0x06390000, 0x06390000)
  to   space 2176K, 100% used [0x05f50000, 0x06170000, 0x06170000)
 tenured generation   total 44016K, used 32035K [0x0f8a0000, 0x1239c000, 0x24e00000)
   the space 44016K,  72% used [0x0f8a0000, 0x117e8c68, 0x117e8e00, 0x1239c000)
 Metaspace       used 25213K, capacity 27475K, committed 27520K, reserved 28032K
GC Heap History (10 events):
Event: 6.343 GC heap after
Heap after GC invocations=83 (full 4):
 def new generation   total 14464K, used 1600K [0x04e00000, 0x05db0000, 0x0f8a0000)
  eden space 12864K,   0% used [0x04e00000, 0x04e00000, 0x05a90000)
  from space 1600K, 100% used [0x05c20000, 0x05db0000, 0x05db0000)
  to   space 1600K,   0% used [0x05a90000, 0x05a90000, 0x05c20000)
 tenured generation   total 31964K, used 27581K [0x0f8a0000, 0x117d7000, 0x24e00000)
   the space 31964K,  86% used [0x0f8a0000, 0x1138f698, 0x1138f800, 0x117d7000)
 Metaspace       used 24306K, capacity 26394K, committed 26496K, reserved 27008K
}
Event: 6.518 GC heap before
{Heap before GC invocations=83 (full 4):
 def new generation   total 14464K, used 14464K [0x04e00000, 0x05db0000, 0x0f8a0000)
  eden space 12864K, 100% used [0x04e00000, 0x05a90000, 0x05a90000)
  from space 1600K, 100% used [0x05c20000, 0x05db0000, 0x05db0000)
  to   space 1600K,   0% used [0x05a90000, 0x05a90000, 0x05c20000)
 tenured generation   total 31964K, used 27581K [0x0f8a0000, 0x117d7000, 0x24e00000)
   the space 31964K,  86% used [0x0f8a0000, 0x1138f698, 0x1138f800, 0x117d7000)
 Metaspace       used 24927K, capacity 27156K, committed 27264K, reserved 28032K
Event: 6.529 GC heap after
Heap after GC invocations=84 (full 4):
 def new generation   total 14464K, used 1600K [0x04e00000, 0x05db0000, 0x0f8a0000)
  eden space 12864K,   0% used [0x04e00000, 0x04e00000, 0x05a90000)
  from space 1600K, 100% used [0x05a90000, 0x05c20000, 0x05c20000)
  to   space 1600K,   0% used [0x05c20000, 0x05c20000, 0x05db0000)
 tenured generation   total 31964K, used 29599K [0x0f8a0000, 0x117d7000, 0x24e00000)
   the space 31964K,  92% used [0x0f8a0000, 0x11587de8, 0x11587e00, 0x117d7000)
 Metaspace       used 24927K, capacity 27156K, committed 27264K, reserved 28032K
}
Event: 6.735 GC heap before
{Heap before GC invocations=84 (full 4):
 def new generation   total 14464K, used 14464K [0x04e00000, 0x05db0000, 0x0f8a0000)
  eden space 12864K, 100% used [0x04e00000, 0x05a90000, 0x05a90000)
  from space 1600K, 100% used [0x05a90000, 0x05c20000, 0x05c20000)
  to   space 1600K,   0% used [0x05c20000, 0x05c20000, 0x05db0000)
 tenured generation   total 31964K, used 29599K [0x0f8a0000, 0x117d7000, 0x24e00000)
   the space 31964K,  92% used [0x0f8a0000, 0x11587de8, 0x11587e00, 0x117d7000)
 Metaspace       used 25179K, capacity 27430K, committed 27520K, reserved 28032K
Event: 6.744 GC heap after
Heap after GC invocations=85 (full 4):
 def new generation   total 14464K, used 1255K [0x04e00000, 0x05db0000, 0x0f8a0000)
  eden space 12864K,   0% used [0x04e00000, 0x04e00000, 0x05a90000)
  from space 1600K,  78% used [0x05c20000, 0x05d59f30, 0x05db0000)
  to   space 1600K,   0% used [0x05a90000, 0x05a90000, 0x05c20000)
 tenured generation   total 31964K, used 31181K [0x0f8a0000, 0x117d7000, 0x24e00000)
   the space 31964K,  97% used [0x0f8a0000, 0x11713648, 0x11713800, 0x117d7000)
 Metaspace       used 25179K, capacity 27430K, committed 27520K, reserved 28032K
}
Event: 6.822 GC heap before
{Heap before GC invocations=85 (full 4):
 def new generation   total 14464K, used 14119K [0x04e00000, 0x05db0000, 0x0f8a0000)
  eden space 12864K, 100% used [0x04e00000, 0x05a90000, 0x05a90000)
  from space 1600K,  78% used [0x05c20000, 0x05d59f30, 0x05db0000)
  to   space 1600K,   0% used [0x05a90000, 0x05a90000, 0x05c20000)
 tenured generation   total 31964K, used 31181K [0x0f8a0000, 0x117d7000, 0x24e00000)
   the space 31964K,  97% used [0x0f8a0000, 0x11713648, 0x11713800, 0x117d7000)
 Metaspace       used 25179K, capacity 27430K, committed 27520K, reserved 28032K
Event: 6.905 GC heap after
Heap after GC invocations=86 (full 5):
 def new generation   total 19904K, used 0K [0x04e00000, 0x06390000, 0x0f8a0000)
  eden space 17728K,   0% used [0x04e00000, 0x04e00000, 0x05f50000)
  from space 2176K,   0% used [0x05f50000, 0x05f50000, 0x06170000)
  to   space 2176K,   0% used [0x06170000, 0x06170000, 0x06390000)
 tenured generation   total 44016K, used 26408K [0x0f8a0000, 0x1239c000, 0x24e00000)
   the space 44016K,  59% used [0x0f8a0000, 0x1126a208, 0x1126a400, 0x1239c000)
 Metaspace       used 25179K, capacity 27430K, committed 27520K, reserved 28032K
}
Event: 7.071 GC heap before
{Heap before GC invocations=86 (full 5):
 def new generation   total 19904K, used 17728K [0x04e00000, 0x06390000, 0x0f8a0000)
  eden space 17728K, 100% used [0x04e00000, 0x05f50000, 0x05f50000)
  from space 2176K,   0% used [0x05f50000, 0x05f50000, 0x06170000)
  to   space 2176K,   0% used [0x06170000, 0x06170000, 0x06390000)
 tenured generation   total 44016K, used 26408K [0x0f8a0000, 0x1239c000, 0x24e00000)
   the space 44016K,  59% used [0x0f8a0000, 0x1126a208, 0x1126a400, 0x1239c000)
 Metaspace       used 25207K, capacity 27470K, committed 27520K, reserved 28032K
Event: 7.078 GC heap after
Heap after GC invocations=87 (full 5):
 def new generation   total 19904K, used 2176K [0x04e00000, 0x06390000, 0x0f8a0000)
  eden space 17728K,   0% used [0x04e00000, 0x04e00000, 0x05f50000)
  from space 2176K, 100% used [0x06170000, 0x06390000, 0x06390000)
  to   space 2176K,   0% used [0x05f50000, 0x05f50000, 0x06170000)
 tenured generation   total 44016K, used 27892K [0x0f8a0000, 0x1239c000, 0x24e00000)
   the space 44016K,  63% used [0x0f8a0000, 0x113dd278, 0x113dd400, 0x1239c000)
 Metaspace       used 25207K, capacity 27470K, committed 27520K, reserved 28032K
}
Event: 9.150 GC heap before
{Heap before GC invocations=87 (full 5):
 def new generation   total 19904K, used 19904K [0x04e00000, 0x06390000, 0x0f8a0000)
  eden space 17728K, 100% used [0x04e00000, 0x05f50000, 0x05f50000)
  from space 2176K, 100% used [0x06170000, 0x06390000, 0x06390000)
  to   space 2176K,   0% used [0x05f50000, 0x05f50000, 0x06170000)
 tenured generation   total 44016K, used 27892K [0x0f8a0000, 0x1239c000, 0x24e00000)
   the space 44016K,  63% used [0x0f8a0000, 0x113dd278, 0x113dd400, 0x1239c000)
 Metaspace       used 25213K, capacity 27475K, committed 27520K, reserved 28032K

